<?xml version="1.0" encoding="UTF-8"?>
<!-- Generated by org.testng.reporters.JUnitReportReporter -->
<testsuite skipped="0" hostname="amit-PC" name="com.cottonon.testcases.SignMeInPageTest" tests="1" failures="0" timestamp="31 Jul 2018 09:19:26 GMT" time="30.921" errors="0">
  <testcase name="testLogin" time="30.921" classname="com.cottonon.testcases.SignMeInPageTest"/>
</testsuite> <!-- com.cottonon.testcases.SignMeInPageTest -->
