<?xml version="1.0" encoding="UTF-8"?>
<!-- Generated by org.testng.reporters.JUnitReportReporter -->
<testsuite skipped="0" hostname="amit-PC" name="com.cottonon.testcases.VerifyBrokenLinksTest" tests="1" failures="0" timestamp="01 Aug 2018 11:26:32 GMT" time="124.683" errors="0">
  <testcase name="validateLinks" time="124.683" classname="com.cottonon.testcases.VerifyBrokenLinksTest"/>
</testsuite> <!-- com.cottonon.testcases.VerifyBrokenLinksTest -->
