<?xml version="1.0" encoding="UTF-8"?>
<!-- Generated by org.testng.reporters.JUnitReportReporter -->
<testsuite skipped="0" hostname="amit-PC" name="com.cottonon.testcases.SignMeInPageTest" tests="1" failures="0" timestamp="23 Jul 2018 20:31:55 GMT" time="14.683" errors="0">
  <testcase name="testLogin" time="14.683" classname="com.cottonon.testcases.SignMeInPageTest"/>
</testsuite> <!-- com.cottonon.testcases.SignMeInPageTest -->
